

<!DOCTYPE html>
<html>
<head>
<meta charset="UTF-8">
<meta name="viewport" content="width=device-width, initial-scale=1, shrink-to-fit=no">
<title></title>
<link rel="apple-touch-icon" href="https://cdn.jsdelivr.net/gh/extent-framework/extent-github-cdn@b00a2d0486596e73dd7326beacf352c639623a0e/commons/img/logo.png">
<link rel="shortcut icon" href="https://cdn.jsdelivr.net/gh/extent-framework/extent-github-cdn@b00a2d0486596e73dd7326beacf352c639623a0e/commons/img/logo.png">
<link href="https://cdn.jsdelivr.net/gh/extent-framework/extent-github-cdn@ce8b10435bcbae260c334c0d0c6b61d2c19b6168/spark/css/spark-style.css" rel="stylesheet" />
<link href="https://stackpath.bootstrapcdn.com/font-awesome/4.7.0/css/font-awesome.min.css" rel="stylesheet">
<script src="https://cdn.jsdelivr.net/gh/extent-framework/extent-github-cdn@7cc78ce/spark/js/jsontree.js"></script>
<style type="text/css"></style></head><body class="spa bdd-report standard">
  <div class="app">
    <div class="layout">
<div class="header navbar">
<div class="vheader">
<div class="nav-logo">
<a href="#">
<div class="logo" style="background-image: url('https://cdn.jsdelivr.net/gh/extent-framework/extent-github-cdn@b00a2d0486596e73dd7326beacf352c639623a0e/commons/img/logo.png')"></div>
</a>
</div>
<ul class="nav-left">
<li class="search-box">
<a class="search-toggle" href="#">
<i class="search-icon fa fa-search"></i>
<i class="search-icon-close fa fa-close"></i>
</a>
</li>
<li class="search-input"><input id="search-tests" class="form-control" type="text" placeholder="Search..."></li>
</ul>
<ul class="nav-right">
<li class="m-r-10">
<a href="#"><span class="badge badge-primary"></span></a>
</li>
<li class="m-r-10">
<a href="#"><span class="badge badge-primary">Aug 7, 2024 07:47:50 pm</span></a>
</li>
</ul>
</div>
</div><div class="side-nav">
<div class="side-nav-inner">
<ul class="side-nav-menu">
<li class="nav-item dropdown" onclick="toggleView('test-view')">
<a id="nav-test" class="dropdown-toggle" href="#">
<span class="ico"><i class="fa fa-list"></i></span>
</a>
</li>
<li class="nav-item dropdown" onclick="toggleView('exception-view')">
<a id="nav-exception" class="dropdown-toggle" href="#">
<span class="ico"><i class="fa fa-bug"></i></span>
</a>
</li>
<li class="nav-item dropdown" onclick="toggleView('category-view')">
<a id="nav-category" class="dropdown-toggle" href="#">
<span class="ico"><i class="fa fa-tag"></i></span>
</a>
</li>
<li class="nav-item dropdown" onclick="toggleView('dashboard-view')">
<a id="nav-dashboard" class="dropdown-toggle" href="#">
<span class="ico"><i class="fa fa-bar-chart"></i></span>
</a>
</li>
</ul>
</div>
</div>      <div class="vcontainer">
        <div class="main-content">
<div class="test-wrapper row view test-view">
  <div class="test-list">
    <div class="test-list-tools">
<ul class="tools pull-left">
<li><a href="#"><span class="font-size-14">Tests</span></a></li>
</ul>
<ul class="tools text-right">
<li class="dropdown">
<a href="#" class="dropdown-toggle" data-toggle="dropdown"><i class="fa fa-exclamation-circle"></i></a>
<ul id="status-toggle" class="dropdown-menu dropdown-md p-v-0">
<a class="dropdown-item" status="pass" href="#"><span>Pass</span><span class="status success"></span></a>
<a class="dropdown-item" status="fail" href="#"><span>Fail</span><span class="status danger"></span></a>
<div class="dropdown-divider"></div>
<a status="clear" class="dropdown-item" href="#"><span>Clear</span><span class="pull-right"><i class="fa fa-close"></i></span></a>
</ul>
</li>
<li class="dropdown">
<a href="#" class="dropdown-toggle" data-toggle="dropdown"><i class="fa fa-tag"></i></a>
<ul id="tag-toggle" class="dropdown-menu dropdown-md p-v-0">
<a class="dropdown-item" href="#">@regressionPack</a>
</ul>
</li>
</ul>
</div>    <div class="test-list-wrapper scrollable">
      <ul class="test-list-item">
        <li class="test-item"  status="pass" test-id="1"
          author=""
          tag=""
          device="">
          <div class="test-detail">
            <p class="name">Contact us form</p>
            <p class="text-sm">
              <span>19:47:52</span> / <span>00:00:21:387</span>
              <span class="badge pass-bg log float-right">Pass</span>
            </p>
          </div>
          <div class="test-contents d-none">
<div class="detail-head">
<div class="p-v-10">
<div class="info">
<h5 class="test-status text-pass">Contact us form</h5>
<span class='badge badge-success'>08.07.2024 19:47:52</span>
<span class='badge badge-danger'>08.07.2024 19:48:13</span>
<span class='badge badge-default'>00:00:21:387</span>
&middot; <span class='uri-anchor badge badge-default'>#test-id=1</span>
<span title='Skip to the next failed step' class='badge badge-danger pointer float-right ne ml-1'><i class="fa fa-fast-forward"></i></span>
<span title='Collapse all nodes' class='badge badge-default pointer float-right ct ml-1'><i class="fa fa-compress"></i></span>
<span title='Expand all nodes' class='badge badge-default pointer float-right et'><i class="fa fa-expand"></i></span>
</div>
<div class="m-t-10 m-l-5"></div>
</div>
</div>
<div class="accordion mt-4">
  <div class="card">
    <div class="card-header" role="tab">
      <div class="card-title">
        <div class="node" id="2"><span class="badge log pass-bg mr-2">Pass</span>The customer successfully complete Contact form</div>
      </div>
    </div>
        <div class="collapse">
          <div class="card-body">
              <div class="step pass-bg" title="stepdefs.BaseStepDefs.openApp()">
                <span>Given open application</span>
      <div>
      </div>
              </div>
              <div class="step pass-bg" title="stepdefs.HomePageStepsDefs.clickOnContactButton()">
                <span>When click on Contact button</span>
      <div>
      </div>
              </div>
              <div class="step pass-bg" title="stepdefs.HomePageStepsDefs.contactFormShouldOpen()">
                <span>And Contact form should open</span>
      <div>
      </div>
              </div>
              <div class="step pass-bg" title="stepdefs.HomePageStepsDefs.enterContactEmail()">
                <span>When enter Contact Email</span>
      <div>
      </div>
              </div>
              <div class="step pass-bg" title="stepdefs.HomePageStepsDefs.enterContactName()">
                <span>And enter Contact Name</span>
      <div>
      </div>
              </div>
              <div class="step pass-bg" title="stepdefs.HomePageStepsDefs.enterContactMessage()">
                <span>And enter Contact Message</span>
      <div>
      </div>
              </div>
              <div class="step pass-bg" title="stepdefs.HomePageStepsDefs.clickOnSendMessageButton()">
                <span>And click on Send Message button</span>
      <div>
      </div>
              </div>
              <div class="step pass-bg" title="stepdefs.HomePageStepsDefs.appearsAnAlertPopUp()">
                <span>Then appears an alert pop up that confirm that the message was sent</span>
      <div>
      </div>
              </div>
          </div>
        </div>
  </div>
</div>
          </div>
        </li>
        <li class="test-item"  status="pass" test-id="13"
          author=""
          tag=""
          device="">
          <div class="test-detail">
            <p class="name">Filter products by Category</p>
            <p class="text-sm">
              <span>19:48:13</span> / <span>00:00:15:724</span>
              <span class="badge pass-bg log float-right">Pass</span>
            </p>
          </div>
          <div class="test-contents d-none">
<div class="detail-head">
<div class="p-v-10">
<div class="info">
<h5 class="test-status text-pass">Filter products by Category</h5>
<span class='badge badge-success'>08.07.2024 19:48:13</span>
<span class='badge badge-danger'>08.07.2024 19:48:29</span>
<span class='badge badge-default'>00:00:15:724</span>
&middot; <span class='uri-anchor badge badge-default'>#test-id=13</span>
<span title='Skip to the next failed step' class='badge badge-danger pointer float-right ne ml-1'><i class="fa fa-fast-forward"></i></span>
<span title='Collapse all nodes' class='badge badge-default pointer float-right ct ml-1'><i class="fa fa-compress"></i></span>
<span title='Expand all nodes' class='badge badge-default pointer float-right et'><i class="fa fa-expand"></i></span>
</div>
<div class="m-t-10 m-l-5"></div>
</div>
</div>
<div class="accordion mt-4">
  <div class="card">
    <div class="card-header" role="tab">
      <div class="card-title">
        <div class="node" id="14"><span class="badge log pass-bg mr-2">Pass</span>The product is correctly displayed in the right category</div>
      </div>
    </div>
        <div class="collapse">
          <div class="card-body">
              <div class="step pass-bg" title="stepdefs.BaseStepDefs.openApp()">
                <span>Given open application</span>
      <div>
      </div>
              </div>
              <div class="step pass-bg" title="stepdefs.HomePageStepsDefs.clickOnPhonesCategory()">
                <span>When click on Phones category</span>
      <div>
      </div>
              </div>
              <div class="step pass-bg" title="stepdefs.HomePageStepsDefs.scrollToTheProduct()">
                <span>And scroll to the product</span>
      <div>
      </div>
              </div>
              <div class="step pass-bg" title="stepdefs.HomePageStepsDefs.theProductIsDisplayedInTheRightCategory()">
                <span>Then the product is displayed in the right category</span>
      <div>
      </div>
              </div>
          </div>
        </div>
  </div>
</div>
          </div>
        </li>
        <li class="test-item"  status="pass" test-id="21"
          author=""
          tag=""
          device="">
          <div class="test-detail">
            <p class="name">Log in feature</p>
            <p class="text-sm">
              <span>19:48:29</span> / <span>00:00:16:391</span>
              <span class="badge pass-bg log float-right">Pass</span>
            </p>
          </div>
          <div class="test-contents d-none">
<div class="detail-head">
<div class="p-v-10">
<div class="info">
<h5 class="test-status text-pass">Log in feature</h5>
<span class='badge badge-success'>08.07.2024 19:48:29</span>
<span class='badge badge-danger'>08.07.2024 19:48:45</span>
<span class='badge badge-default'>00:00:16:391</span>
&middot; <span class='uri-anchor badge badge-default'>#test-id=21</span>
<span title='Skip to the next failed step' class='badge badge-danger pointer float-right ne ml-1'><i class="fa fa-fast-forward"></i></span>
<span title='Collapse all nodes' class='badge badge-default pointer float-right ct ml-1'><i class="fa fa-compress"></i></span>
<span title='Expand all nodes' class='badge badge-default pointer float-right et'><i class="fa fa-expand"></i></span>
</div>
<div class="m-t-10 m-l-5"></div>
</div>
</div>
<div class="accordion mt-4">
  <div class="card">
    <div class="card-header" role="tab">
      <div class="card-title">
        <div class="node" id="22"><span class="badge log pass-bg mr-2">Pass</span>The customer is successfully log in</div>
      </div>
    </div>
        <div class="collapse">
          <div class="card-body">
              <div class="step pass-bg" title="stepdefs.BaseStepDefs.openApp()">
                <span>Given open application</span>
      <div>
      </div>
              </div>
              <div class="step pass-bg" title="stepdefs.HomePageStepsDefs.clickOnLogInButton()">
                <span>When customer click on Log in button</span>
      <div>
      </div>
              </div>
              <div class="step pass-bg" title="stepdefs.HomePageStepsDefs.openlogInModalWindow()">
                <span>And Log in modal window should open</span>
      <div>
      </div>
              </div>
              <div class="step pass-bg" title="stepdefs.HomePageStepsDefs.enterUsername(java.lang.String)">
                <span>And customer enters "mariana.moisei" Username</span>
      <div>
      </div>
              </div>
              <div class="step pass-bg" title="stepdefs.HomePageStepsDefs.enterPassword(java.lang.String)">
                <span>When enter "CommunityFibre" Password</span>
      <div>
      </div>
              </div>
              <div class="step pass-bg" title="stepdefs.HomePageStepsDefs.clickOnLogIn()">
                <span>And click on Log in button</span>
      <div>
      </div>
              </div>
              <div class="step pass-bg" title="stepdefs.HomePageStepsDefs.appearsLogOutButton()">
                <span>Then the log in process is successfully done and Log out button appears on header</span>
      <div>
      </div>
              </div>
          </div>
        </div>
  </div>
</div>
          </div>
        </li>
        <li class="test-item"  status="pass" test-id="32"
          author=""
          tag=""
          device="">
          <div class="test-detail">
            <p class="name">Log out process</p>
            <p class="text-sm">
              <span>19:48:45</span> / <span>00:00:18:286</span>
              <span class="badge pass-bg log float-right">Pass</span>
            </p>
          </div>
          <div class="test-contents d-none">
<div class="detail-head">
<div class="p-v-10">
<div class="info">
<h5 class="test-status text-pass">Log out process</h5>
<span class='badge badge-success'>08.07.2024 19:48:45</span>
<span class='badge badge-danger'>08.07.2024 19:49:03</span>
<span class='badge badge-default'>00:00:18:286</span>
&middot; <span class='uri-anchor badge badge-default'>#test-id=32</span>
<span title='Skip to the next failed step' class='badge badge-danger pointer float-right ne ml-1'><i class="fa fa-fast-forward"></i></span>
<span title='Collapse all nodes' class='badge badge-default pointer float-right ct ml-1'><i class="fa fa-compress"></i></span>
<span title='Expand all nodes' class='badge badge-default pointer float-right et'><i class="fa fa-expand"></i></span>
</div>
<div class="m-t-10 m-l-5"></div>
</div>
</div>
<div class="accordion mt-4">
  <div class="card">
    <div class="card-header" role="tab">
      <div class="card-title">
        <div class="node" id="33"><span class="badge log pass-bg mr-2">Pass</span>The customer is log out successfully</div>
      </div>
    </div>
        <div class="collapse">
          <div class="card-body">
              <div class="step pass-bg" title="stepdefs.BaseStepDefs.openApp()">
                <span>Given open application</span>
      <div>
      </div>
              </div>
              <div class="step pass-bg" title="stepdefs.HomePageStepsDefs.clickOnLogInButton()">
                <span>When customer click on Log in button</span>
      <div>
      </div>
              </div>
              <div class="step pass-bg" title="stepdefs.HomePageStepsDefs.openlogInModalWindow()">
                <span>And Log in modal window should open</span>
      <div>
      </div>
              </div>
              <div class="step pass-bg" title="stepdefs.HomePageStepsDefs.enterUsername(java.lang.String)">
                <span>When customer enters "mariana.moisei" Username</span>
      <div>
      </div>
              </div>
              <div class="step pass-bg" title="stepdefs.HomePageStepsDefs.enterPassword(java.lang.String)">
                <span>And enter "CommunityFibre" Password</span>
      <div>
      </div>
              </div>
              <div class="step pass-bg" title="stepdefs.HomePageStepsDefs.clickOnLogIn()">
                <span>And click on Log in button</span>
      <div>
      </div>
              </div>
              <div class="step pass-bg" title="stepdefs.HomePageStepsDefs.appearsLogOutButton()">
                <span>And the log in process is successfully done and Log out button appears on header</span>
      <div>
      </div>
              </div>
              <div class="step pass-bg" title="stepdefs.HomePageStepsDefs.clickOnLogOutButton()">
                <span>When customer click on Log out button</span>
      <div>
      </div>
              </div>
              <div class="step pass-bg" title="stepdefs.HomePageStepsDefs.appearsLogInButtonAgain()">
                <span>Then the log out process is successfully done and Log in button appears again</span>
      <div>
      </div>
              </div>
          </div>
        </div>
  </div>
</div>
          </div>
        </li>
        <li class="test-item"  status="fail" test-id="45"
          author=""
          tag=""
          device="">
          <div class="test-detail">
            <p class="name">Place an order</p>
            <p class="text-sm">
              <span>19:49:03</span> / <span>00:00:24:736</span>
              <span class="badge fail-bg log float-right">Fail</span>
            </p>
          </div>
          <div class="test-contents d-none">
<div class="detail-head">
<div class="p-v-10">
<div class="info">
<h5 class="test-status text-fail">Place an order</h5>
<span class='badge badge-success'>08.07.2024 19:49:03</span>
<span class='badge badge-danger'>08.07.2024 19:49:28</span>
<span class='badge badge-default'>00:00:24:736</span>
&middot; <span class='uri-anchor badge badge-default'>#test-id=45</span>
<span title='Skip to the next failed step' class='badge badge-danger pointer float-right ne ml-1'><i class="fa fa-fast-forward"></i></span>
<span title='Collapse all nodes' class='badge badge-default pointer float-right ct ml-1'><i class="fa fa-compress"></i></span>
<span title='Expand all nodes' class='badge badge-default pointer float-right et'><i class="fa fa-expand"></i></span>
</div>
<div class="m-t-10 m-l-5"></div>
</div>
</div>
<div class="accordion mt-4">
  <div class="card">
    <div class="card-header" role="tab">
      <div class="card-title">
        <div class="node" id="46"><span class="badge log fail-bg mr-2">Fail</span>The product Samsung Galaxy s6 is added in the cart and the order is successfully placed</div>
          <div class="status-avatar float-right mr-4">
            <i class="fa fa-paperclip"></i>
          </div>
      </div>
    </div>
        <div class="">
          <div class="card-body">
              <div class="step pass-bg" title="stepdefs.BaseStepDefs.openApp()">
                <span>Given open application</span>
      <div>
      </div>
              </div>
              <div class="step pass-bg" title="stepdefs.HomePageStepsDefs.scrollToTheProduct()">
                <span>When scroll to the product</span>
      <div>
      </div>
              </div>
              <div class="step pass-bg" title="stepdefs.HomePageStepsDefs.userclickonSamsung()">
                <span>When user click on desired product</span>
      <div>
      </div>
              </div>
              <div class="step pass-bg" title="stepdefs.InventoryStepDefs.addToCart()">
                <span>And user add phone to the cart</span>
      <div>
      </div>
              </div>
              <div class="step pass-bg" title="stepdefs.InventoryStepDefs.navigateToCart()">
                <span>When navigate to cart</span>
      <div>
      </div>
              </div>
              <div class="step fail-bg" title="stepdefs.CartStepDefs.clickOnPlaceOrderButton()">
                <span>When click on Place order button</span>
      <div>
        <textarea disabled class="code-block">Element not found {By.xpath: //*[@id='page-wrapper']/div/div[2]/button}
Expected: clickable: interactable and enabled
Screenshot: file:/C:/Users/Professional/IdeaProjects/SelenidePracticeAutomation/build/reports/tests/1723049359452.0.png
Page source: file:/C:/Users/Professional/IdeaProjects/SelenidePracticeAutomation/build/reports/tests/1723049359452.0.html
Timeout: 4 s.
Caused by: NoSuchElementException: no such element: Unable to locate element: {"method":"xpath","selector":"//*[@id='page-wrapper']/div/div[2]/button"}
	at com.codeborne.selenide.impl.WebElementSource.createElementNotFoundError(WebElementSource.java:90)
	at com.codeborne.selenide.impl.ElementFinder.createElementNotFoundError(ElementFinder.java:142)
	at com.codeborne.selenide.impl.WebElementSource.handleError(WebElementSource.java:142)
	at com.codeborne.selenide.impl.WebElementSource.checkConditionAndReturnElement(WebElementSource.java:126)
	at com.codeborne.selenide.impl.WebElementSource.checkCondition(WebElementSource.java:103)
	at com.codeborne.selenide.commands.Should.execute(Should.java:30)
	at com.codeborne.selenide.commands.Should.execute(Should.java:14)
	at com.codeborne.selenide.commands.Commands.execute(Commands.java:162)
	at com.codeborne.selenide.impl.SelenideElementProxy.dispatchAndRetry(SelenideElementProxy.java:134)
	at com.codeborne.selenide.impl.SelenideElementProxy.invoke(SelenideElementProxy.java:86)
	at jdk.proxy2/jdk.proxy2.$Proxy20.should(Unknown Source)
	at pages.CartPage.clickOnPlaceOrderButton(CartPage.java:28)
	at stepdefs.CartStepDefs.clickOnPlaceOrderButton(CartStepDefs.java:18)
	at ✽.click on Place order button(file:///C:/Users/Professional/IdeaProjects/SelenidePracticeAutomation/src/main/resources/tests/placeOrder.feature:10)
Caused by: org.openqa.selenium.NoSuchElementException: no such element: Unable to locate element: {"method":"xpath","selector":"//*[@id='page-wrapper']/div/div[2]/button"}
  (Session info: MicrosoftEdge=126.0.2592.102)
For documentation on this error, please visit: https://www.selenium.dev/documentation/webdriver/troubleshooting/errors#no-such-element-exception
Build info: version: '4.21.0', revision: '79ed462ef4'
System info: os.name: 'Windows 10', os.arch: 'amd64', os.version: '10.0', java.version: '21.0.3'
Driver info: org.openqa.selenium.edge.EdgeDriver
Command: [e9ea852d5e020b23ce297f2e354f9f9e, findElement {using=xpath, value=//*[@id='page-wrapper']/div/div[2]/button}]
Capabilities {acceptInsecureCerts: true, browserName: MicrosoftEdge, browserVersion: 126.0.2592.102, fedcm:accounts: true, ms:edgeOptions: {debuggerAddress: localhost:52695}, msedge: {msedgedriverVersion: 125.0.2535.51 (b1bc6e892654..., userDataDir: C:\Users\PROFES~1\AppData\L...}, networkConnectionEnabled: false, pageLoadStrategy: normal, platformName: windows, proxy: Proxy(), se:cdp: ws://localhost:52695/devtoo..., se:cdpVersion: 126.0.2592.102, setWindowRect: true, strictFileInteractability: false, timeouts: {implicit: 0, pageLoad: 300000, script: 30000}, unhandledPromptBehavior: accept, webauthn:extension:credBlob: true, webauthn:extension:largeBlob: true, webauthn:extension:minPinLength: true, webauthn:extension:prf: true, webauthn:virtualAuthenticators: true}
Session ID: e9ea852d5e020b23ce297f2e354f9f9e
	at java.base/jdk.internal.reflect.DirectConstructorHandleAccessor.newInstance(DirectConstructorHandleAccessor.java:62)
	at java.base/java.lang.reflect.Constructor.newInstanceWithCaller(Constructor.java:502)
	at java.base/java.lang.reflect.Constructor.newInstance(Constructor.java:486)
	at org.openqa.selenium.remote.ErrorCodec.decode(ErrorCodec.java:167)
	at org.openqa.selenium.remote.codec.w3c.W3CHttpResponseCodec.decode(W3CHttpResponseCodec.java:138)
	at org.openqa.selenium.remote.codec.w3c.W3CHttpResponseCodec.decode(W3CHttpResponseCodec.java:50)
	at org.openqa.selenium.remote.HttpCommandExecutor.execute(HttpCommandExecutor.java:190)
	at org.openqa.selenium.remote.service.DriverCommandExecutor.invokeExecute(DriverCommandExecutor.java:216)
	at org.openqa.selenium.remote.service.DriverCommandExecutor.execute(DriverCommandExecutor.java:174)
	at org.openqa.selenium.remote.RemoteWebDriver.execute(RemoteWebDriver.java:518)
	at org.openqa.selenium.remote.ElementLocation$ElementFinder$2.findElement(ElementLocation.java:165)
	at org.openqa.selenium.remote.ElementLocation.findElement(ElementLocation.java:59)
	at org.openqa.selenium.remote.RemoteWebDriver.findElement(RemoteWebDriver.java:355)
	at org.openqa.selenium.remote.RemoteWebDriver.findElement(RemoteWebDriver.java:349)
	at com.codeborne.selenide.impl.WebElementSelector.findElement(WebElementSelector.java:73)
	at com.codeborne.selenide.impl.WebElementSelector.findElement(WebElementSelector.java:46)
	at com.codeborne.selenide.impl.WebElementSelector.findElement(WebElementSelector.java:35)
	at com.codeborne.selenide.impl.ElementFinder.getWebElement(ElementFinder.java:122)
	at com.codeborne.selenide.impl.WebElementSource.checkConditionAndReturnElement(WebElementSource.java:115)
	at com.codeborne.selenide.impl.WebElementSource.checkCondition(WebElementSource.java:103)
	at com.codeborne.selenide.commands.Should.execute(Should.java:30)
	at com.codeborne.selenide.commands.Should.execute(Should.java:14)
	at com.codeborne.selenide.commands.Commands.execute(Commands.java:162)
	at com.codeborne.selenide.impl.SelenideElementProxy.dispatchAndRetry(SelenideElementProxy.java:134)
	at com.codeborne.selenide.impl.SelenideElementProxy.invoke(SelenideElementProxy.java:86)
	at jdk.proxy2/jdk.proxy2.$Proxy20.should(Unknown Source)
	at pages.CartPage.clickOnPlaceOrderButton(CartPage.java:28)
	at stepdefs.CartStepDefs.clickOnPlaceOrderButton(CartStepDefs.java:18)
	at java.base/jdk.internal.reflect.DirectMethodHandleAccessor.invoke(DirectMethodHandleAccessor.java:103)
	at java.base/java.lang.reflect.Method.invoke(Method.java:580)
	at io.cucumber.java.Invoker.doInvoke(Invoker.java:66)
	at io.cucumber.java.Invoker.invoke(Invoker.java:24)
	at io.cucumber.java.AbstractGlueDefinition.invokeMethod(AbstractGlueDefinition.java:47)
	at io.cucumber.java.JavaStepDefinition.execute(JavaStepDefinition.java:29)
	at io.cucumber.core.runner.CoreStepDefinition.execute(CoreStepDefinition.java:66)
	at io.cucumber.core.runner.PickleStepDefinitionMatch.runStep(PickleStepDefinitionMatch.java:63)
	at io.cucumber.core.runner.ExecutionMode$1.execute(ExecutionMode.java:10)
	at io.cucumber.core.runner.TestStep.executeStep(TestStep.java:81)
	at io.cucumber.core.runner.TestStep.run(TestStep.java:53)
	at io.cucumber.core.runner.PickleStepTestStep.run(PickleStepTestStep.java:51)
	at io.cucumber.core.runner.TestCase.run(TestCase.java:84)
	at io.cucumber.core.runner.Runner.runPickle(Runner.java:75)
	at io.cucumber.testng.TestNGCucumberRunner.lambda$runScenario$1(TestNGCucumberRunner.java:132)
	at io.cucumber.core.runtime.CucumberExecutionContext.lambda$runTestCase$5(CucumberExecutionContext.java:136)
	at io.cucumber.core.runtime.RethrowingThrowableCollector.executeAndThrow(RethrowingThrowableCollector.java:23)
	at io.cucumber.core.runtime.CucumberExecutionContext.runTestCase(CucumberExecutionContext.java:136)
	at io.cucumber.testng.TestNGCucumberRunner.runScenario(TestNGCucumberRunner.java:129)
	at io.cucumber.testng.AbstractTestNGCucumberTests.runScenario(AbstractTestNGCucumberTests.java:35)
	at java.base/jdk.internal.reflect.DirectMethodHandleAccessor.invoke(DirectMethodHandleAccessor.java:103)
	at java.base/java.lang.reflect.Method.invoke(Method.java:580)
	at org.testng.internal.invokers.MethodInvocationHelper.invokeMethod(MethodInvocationHelper.java:141)
	at org.testng.internal.invokers.TestInvoker.invokeMethod(TestInvoker.java:686)
	at org.testng.internal.invokers.TestInvoker.invokeTestMethod(TestInvoker.java:230)
	at org.testng.internal.invokers.MethodRunner.runInSequence(MethodRunner.java:63)
	at org.testng.internal.invokers.TestInvoker$MethodInvocationAgent.invoke(TestInvoker.java:992)
	at org.testng.internal.invokers.TestInvoker.invokeTestMethods(TestInvoker.java:203)
	at org.testng.internal.invokers.TestMethodWorker.invokeTestMethods(TestMethodWorker.java:154)
	at org.testng.internal.invokers.TestMethodWorker.run(TestMethodWorker.java:134)
	at java.base/java.util.ArrayList.forEach(ArrayList.java:1596)
	at org.testng.TestRunner.privateRun(TestRunner.java:739)
	at org.testng.TestRunner.run(TestRunner.java:614)
	at org.testng.SuiteRunner.runTest(SuiteRunner.java:421)
	at org.testng.SuiteRunner.runSequentially(SuiteRunner.java:413)
	at org.testng.SuiteRunner.privateRun(SuiteRunner.java:373)
	at org.testng.SuiteRunner.run(SuiteRunner.java:312)
	at org.testng.SuiteRunnerWorker.runSuite(SuiteRunnerWorker.java:52)
	at org.testng.SuiteRunnerWorker.run(SuiteRunnerWorker.java:95)
	at org.testng.TestNG.runSuitesSequentially(TestNG.java:1274)
	at org.testng.TestNG.runSuitesLocally(TestNG.java:1208)
	at org.testng.TestNG.runSuites(TestNG.java:1112)
	at org.testng.TestNG.run(TestNG.java:1079)
	at org.apache.maven.surefire.testng.TestNGExecutor.run(TestNGExecutor.java:295)
	at org.apache.maven.surefire.testng.TestNGXmlTestSuite.execute(TestNGXmlTestSuite.java:84)
	at org.apache.maven.surefire.testng.TestNGProvider.invoke(TestNGProvider.java:90)
	at org.apache.maven.surefire.booter.ForkedBooter.invokeProviderInSameClassLoader(ForkedBooter.java:203)
	at org.apache.maven.surefire.booter.ForkedBooter.runSuitesInProcess(ForkedBooter.java:155)
	at org.apache.maven.surefire.booter.ForkedBooter.main(ForkedBooter.java:103)
</textarea>
      
      </div>
              </div>
              <div class="step skip-bg" title="stepdefs.CartStepDefs.aModalWindowIsOpen()">
                <span>And a modal window is open</span>
      <div>Step skipped
      </div>
              </div>
              <div class="step skip-bg" title="stepdefs.CartStepDefs.userEnterStringName(java.lang.String)">
                <span>And user enter "Mariana" Name</span>
      <div>Step skipped
      </div>
              </div>
              <div class="step skip-bg" title="stepdefs.CartStepDefs.userEnterStringCountry(java.lang.String)">
                <span>And user enter "Moldova" Country</span>
      <div>Step skipped
      </div>
              </div>
              <div class="step skip-bg" title="stepdefs.CartStepDefs.userEnterStringCity(java.lang.String)">
                <span>And user enter "Chisinau" City</span>
      <div>Step skipped
      </div>
              </div>
              <div class="step skip-bg" title="stepdefs.CartStepDefs.userEnterStringCreditCard(java.lang.String)">
                <span>And user enter "4567356423891123" Credit card</span>
      <div>Step skipped
      </div>
              </div>
              <div class="step skip-bg" title="stepdefs.CartStepDefs.userEnterStringMonth(java.lang.String)">
                <span>And user enter "11" Month</span>
      <div>Step skipped
      </div>
              </div>
              <div class="step skip-bg" title="stepdefs.CartStepDefs.userEnterStringYear(java.lang.String)">
                <span>And user enter "2026" Year</span>
      <div>Step skipped
      </div>
              </div>
              <div class="step skip-bg" title="stepdefs.CartStepDefs.clickOnPurchaseButton()">
                <span>And click on Purchase button</span>
      <div>Step skipped
      </div>
              </div>
              <div class="step skip-bg" title="stepdefs.CartStepDefs.orderIsPlacedAndAConfirmationMessageIsDisplayedOnTheScreen()">
                <span>Then order is placed and a confirmation message is displayed on the screen</span>
      <div>Step skipped
      </div>
              </div>
              <div class="step pass-bg" title="AFTER">
                <span>utils.hooks.Hooks.tearDown(io.cucumber.java.Scenario)</span>
      <div>image
          <div class="row mb-3"><div class="col-md-3">
<img data-featherlight='../screenshots/embedded1.png' src="../screenshots/embedded1.png">
    
    </div></div>
</div>
      <div>
      </div>
              </div>
          </div>
        </div>
  </div>
</div>
          </div>
        </li>
        <li class="test-item"  status="pass" test-id="64"
          author=""
          tag=""
          device="">
          <div class="test-detail">
            <p class="name">Sing up process</p>
            <p class="text-sm">
              <span>19:49:28</span> / <span>00:00:16:522</span>
              <span class="badge pass-bg log float-right">Pass</span>
            </p>
          </div>
          <div class="test-contents d-none">
<div class="detail-head">
<div class="p-v-10">
<div class="info">
<h5 class="test-status text-pass">Sing up process</h5>
<span class='badge badge-success'>08.07.2024 19:49:28</span>
<span class='badge badge-danger'>08.07.2024 19:49:45</span>
<span class='badge badge-default'>00:00:16:522</span>
&middot; <span class='uri-anchor badge badge-default'>#test-id=64</span>
<span title='Skip to the next failed step' class='badge badge-danger pointer float-right ne ml-1'><i class="fa fa-fast-forward"></i></span>
<span title='Collapse all nodes' class='badge badge-default pointer float-right ct ml-1'><i class="fa fa-compress"></i></span>
<span title='Expand all nodes' class='badge badge-default pointer float-right et'><i class="fa fa-expand"></i></span>
</div>
<div class="m-t-10 m-l-5"></div>
</div>
</div>
<div class="accordion mt-4">
  <div class="card">
    <div class="card-header" role="tab">
      <div class="card-title">
        <div class="node" id="65"><span class="badge log pass-bg mr-2">Pass</span>The customer is sign up successfully</div>
      </div>
    </div>
        <div class="collapse">
          <div class="card-body">
              <div class="step pass-bg" title="stepdefs.BaseStepDefs.openApp()">
                <span>Given open application</span>
      <div>
      </div>
              </div>
              <div class="step pass-bg" title="stepdefs.HomePageStepsDefs.customerClickOnSignUpButton()">
                <span>When customer click on Sign up button</span>
      <div>
      </div>
              </div>
              <div class="step pass-bg" title="stepdefs.HomePageStepsDefs.singUpModalShouldOpen()">
                <span>And Sing up modal should open</span>
      <div>
      </div>
              </div>
              <div class="step pass-bg" title="stepdefs.HomePageStepsDefs.customerEntersAUniqueUsername()">
                <span>When customer enters a unique username</span>
      <div>
      </div>
              </div>
              <div class="step pass-bg" title="stepdefs.HomePageStepsDefs.enterStringPassword(java.lang.String)">
                <span>And enter "Password7878" password</span>
      <div>
      </div>
              </div>
              <div class="step pass-bg" title="stepdefs.HomePageStepsDefs.clickOnSignUp()">
                <span>And click on Sign up</span>
      <div>
      </div>
              </div>
              <div class="step pass-bg" title="stepdefs.HomePageStepsDefs.anAlertWindowShouldAppearWithConfirmation()">
                <span>When an alert window should appear with confirmation</span>
      <div>
      </div>
              </div>
              <div class="step pass-bg" title="stepdefs.HomePageStepsDefs.customerClickOnOKButton()">
                <span>And customer click on OK button</span>
      <div>
      </div>
              </div>
              <div class="step pass-bg" title="stepdefs.HomePageStepsDefs.theSignUpProcessIsSuccessfullyDoneAndCustomerIsLandingToHomePage()">
                <span>Then the sign up process is successfully done and customer is landing to Home Page</span>
      <div>
      </div>
              </div>
          </div>
        </div>
  </div>
</div>
          </div>
        </li>
        <li class="test-item"  status="fail" test-id="77"
          author=""
          tag=""
          device="">
          <div class="test-detail">
            <p class="name">Delete a product from basket</p>
            <p class="text-sm">
              <span>19:49:45</span> / <span>00:00:22:402</span>
              <span class="badge fail-bg log float-right">Fail</span>
            </p>
          </div>
          <div class="test-contents d-none">
<div class="detail-head">
<div class="p-v-10">
<div class="info">
<h5 class="test-status text-fail">Delete a product from basket</h5>
<span class='badge badge-success'>08.07.2024 19:49:45</span>
<span class='badge badge-danger'>08.07.2024 19:50:07</span>
<span class='badge badge-default'>00:00:22:402</span>
&middot; <span class='uri-anchor badge badge-default'>#test-id=77</span>
<span title='Skip to the next failed step' class='badge badge-danger pointer float-right ne ml-1'><i class="fa fa-fast-forward"></i></span>
<span title='Collapse all nodes' class='badge badge-default pointer float-right ct ml-1'><i class="fa fa-compress"></i></span>
<span title='Expand all nodes' class='badge badge-default pointer float-right et'><i class="fa fa-expand"></i></span>
</div>
<div class="m-t-10 m-l-5"></div>
</div>
</div>
<div class="accordion mt-4">
  <div class="card">
    <div class="card-header" role="tab">
      <div class="card-title">
        <div class="node" id="78"><span class="badge log fail-bg mr-2">Fail</span>The product Samsung Galaxy s6 is deleted from basket</div>
          <div class="status-avatar float-right mr-4">
            <i class="fa fa-paperclip"></i>
          </div>
      </div>
    </div>
        <div class="">
          <div class="card-body">
              <div class="step pass-bg" title="stepdefs.BaseStepDefs.openApp()">
                <span>Given open application</span>
      <div>
      </div>
              </div>
              <div class="step pass-bg" title="stepdefs.HomePageStepsDefs.userclickonSamsung()">
                <span>When user click on desired product</span>
      <div>
      </div>
              </div>
              <div class="step pass-bg" title="stepdefs.InventoryStepDefs.addToCart()">
                <span>And user add phone to the cart</span>
      <div>
      </div>
              </div>
              <div class="step pass-bg" title="stepdefs.InventoryStepDefs.navigateToCart()">
                <span>When navigate to cart</span>
      <div>
      </div>
              </div>
              <div class="step fail-bg" title="stepdefs.CartStepDefs.checkCart()">
                <span>And phone should be in the cart</span>
      <div>
        <textarea disabled class="code-block">Element not found {By.xpath: //td[text()='Samsung galaxy s7']}
Expected: be visible
Screenshot: file:/C:/Users/Professional/IdeaProjects/SelenidePracticeAutomation/build/reports/tests/1723049400010.1.png
Page source: file:/C:/Users/Professional/IdeaProjects/SelenidePracticeAutomation/build/reports/tests/1723049400010.1.html
Timeout: 4 s.
Caused by: NoSuchElementException: no such element: Unable to locate element: {"method":"xpath","selector":"//td[text()='Samsung galaxy s7']"}
	at com.codeborne.selenide.impl.WebElementSource.createElementNotFoundError(WebElementSource.java:90)
	at com.codeborne.selenide.impl.ElementFinder.createElementNotFoundError(ElementFinder.java:142)
	at com.codeborne.selenide.impl.WebElementSource.handleError(WebElementSource.java:142)
	at com.codeborne.selenide.impl.WebElementSource.checkConditionAndReturnElement(WebElementSource.java:126)
	at com.codeborne.selenide.impl.WebElementSource.checkCondition(WebElementSource.java:103)
	at com.codeborne.selenide.commands.Should.execute(Should.java:30)
	at com.codeborne.selenide.commands.Should.execute(Should.java:14)
	at com.codeborne.selenide.commands.Commands.execute(Commands.java:162)
	at com.codeborne.selenide.impl.SelenideElementProxy.dispatchAndRetry(SelenideElementProxy.java:134)
	at com.codeborne.selenide.impl.SelenideElementProxy.invoke(SelenideElementProxy.java:86)
	at jdk.proxy2/jdk.proxy2.$Proxy20.should(Unknown Source)
	at pages.CartPage.checkTheCart(CartPage.java:25)
	at stepdefs.CartStepDefs.checkCart(CartStepDefs.java:13)
	at ✽.phone should be in the cart(file:///C:/Users/Professional/IdeaProjects/SelenidePracticeAutomation/src/main/resources/tests/z_deleteProductFromCart.feature:8)
Caused by: org.openqa.selenium.NoSuchElementException: no such element: Unable to locate element: {"method":"xpath","selector":"//td[text()='Samsung galaxy s7']"}
  (Session info: MicrosoftEdge=126.0.2592.102)
For documentation on this error, please visit: https://www.selenium.dev/documentation/webdriver/troubleshooting/errors#no-such-element-exception
Build info: version: '4.21.0', revision: '79ed462ef4'
System info: os.name: 'Windows 10', os.arch: 'amd64', os.version: '10.0', java.version: '21.0.3'
Driver info: org.openqa.selenium.edge.EdgeDriver
Command: [405d9f8cab815661c4b269c8d427a715, findElement {using=xpath, value=//td[text()='Samsung galaxy s7']}]
Capabilities {acceptInsecureCerts: true, browserName: MicrosoftEdge, browserVersion: 126.0.2592.102, fedcm:accounts: true, ms:edgeOptions: {debuggerAddress: localhost:52773}, msedge: {msedgedriverVersion: 125.0.2535.51 (b1bc6e892654..., userDataDir: C:\Users\PROFES~1\AppData\L...}, networkConnectionEnabled: false, pageLoadStrategy: normal, platformName: windows, proxy: Proxy(), se:cdp: ws://localhost:52773/devtoo..., se:cdpVersion: 126.0.2592.102, setWindowRect: true, strictFileInteractability: false, timeouts: {implicit: 0, pageLoad: 300000, script: 30000}, unhandledPromptBehavior: accept, webauthn:extension:credBlob: true, webauthn:extension:largeBlob: true, webauthn:extension:minPinLength: true, webauthn:extension:prf: true, webauthn:virtualAuthenticators: true}
Session ID: 405d9f8cab815661c4b269c8d427a715
	at java.base/jdk.internal.reflect.DirectConstructorHandleAccessor.newInstance(DirectConstructorHandleAccessor.java:62)
	at java.base/java.lang.reflect.Constructor.newInstanceWithCaller(Constructor.java:502)
	at java.base/java.lang.reflect.Constructor.newInstance(Constructor.java:486)
	at org.openqa.selenium.remote.ErrorCodec.decode(ErrorCodec.java:167)
	at org.openqa.selenium.remote.codec.w3c.W3CHttpResponseCodec.decode(W3CHttpResponseCodec.java:138)
	at org.openqa.selenium.remote.codec.w3c.W3CHttpResponseCodec.decode(W3CHttpResponseCodec.java:50)
	at org.openqa.selenium.remote.HttpCommandExecutor.execute(HttpCommandExecutor.java:190)
	at org.openqa.selenium.remote.service.DriverCommandExecutor.invokeExecute(DriverCommandExecutor.java:216)
	at org.openqa.selenium.remote.service.DriverCommandExecutor.execute(DriverCommandExecutor.java:174)
	at org.openqa.selenium.remote.RemoteWebDriver.execute(RemoteWebDriver.java:518)
	at org.openqa.selenium.remote.ElementLocation$ElementFinder$2.findElement(ElementLocation.java:165)
	at org.openqa.selenium.remote.ElementLocation.findElement(ElementLocation.java:59)
	at org.openqa.selenium.remote.RemoteWebDriver.findElement(RemoteWebDriver.java:355)
	at org.openqa.selenium.remote.RemoteWebDriver.findElement(RemoteWebDriver.java:349)
	at com.codeborne.selenide.impl.WebElementSelector.findElement(WebElementSelector.java:73)
	at com.codeborne.selenide.impl.WebElementSelector.findElement(WebElementSelector.java:46)
	at com.codeborne.selenide.impl.WebElementSelector.findElement(WebElementSelector.java:35)
	at com.codeborne.selenide.impl.ElementFinder.getWebElement(ElementFinder.java:122)
	at com.codeborne.selenide.impl.WebElementSource.checkConditionAndReturnElement(WebElementSource.java:115)
	at com.codeborne.selenide.impl.WebElementSource.checkCondition(WebElementSource.java:103)
	at com.codeborne.selenide.commands.Should.execute(Should.java:30)
	at com.codeborne.selenide.commands.Should.execute(Should.java:14)
	at com.codeborne.selenide.commands.Commands.execute(Commands.java:162)
	at com.codeborne.selenide.impl.SelenideElementProxy.dispatchAndRetry(SelenideElementProxy.java:134)
	at com.codeborne.selenide.impl.SelenideElementProxy.invoke(SelenideElementProxy.java:86)
	at jdk.proxy2/jdk.proxy2.$Proxy20.should(Unknown Source)
	at pages.CartPage.checkTheCart(CartPage.java:25)
	at stepdefs.CartStepDefs.checkCart(CartStepDefs.java:13)
	at java.base/jdk.internal.reflect.DirectMethodHandleAccessor.invoke(DirectMethodHandleAccessor.java:103)
	at java.base/java.lang.reflect.Method.invoke(Method.java:580)
	at io.cucumber.java.Invoker.doInvoke(Invoker.java:66)
	at io.cucumber.java.Invoker.invoke(Invoker.java:24)
	at io.cucumber.java.AbstractGlueDefinition.invokeMethod(AbstractGlueDefinition.java:47)
	at io.cucumber.java.JavaStepDefinition.execute(JavaStepDefinition.java:29)
	at io.cucumber.core.runner.CoreStepDefinition.execute(CoreStepDefinition.java:66)
	at io.cucumber.core.runner.PickleStepDefinitionMatch.runStep(PickleStepDefinitionMatch.java:63)
	at io.cucumber.core.runner.ExecutionMode$1.execute(ExecutionMode.java:10)
	at io.cucumber.core.runner.TestStep.executeStep(TestStep.java:81)
	at io.cucumber.core.runner.TestStep.run(TestStep.java:53)
	at io.cucumber.core.runner.PickleStepTestStep.run(PickleStepTestStep.java:51)
	at io.cucumber.core.runner.TestCase.run(TestCase.java:84)
	at io.cucumber.core.runner.Runner.runPickle(Runner.java:75)
	at io.cucumber.testng.TestNGCucumberRunner.lambda$runScenario$1(TestNGCucumberRunner.java:132)
	at io.cucumber.core.runtime.CucumberExecutionContext.lambda$runTestCase$5(CucumberExecutionContext.java:136)
	at io.cucumber.core.runtime.RethrowingThrowableCollector.executeAndThrow(RethrowingThrowableCollector.java:23)
	at io.cucumber.core.runtime.CucumberExecutionContext.runTestCase(CucumberExecutionContext.java:136)
	at io.cucumber.testng.TestNGCucumberRunner.runScenario(TestNGCucumberRunner.java:129)
	at io.cucumber.testng.AbstractTestNGCucumberTests.runScenario(AbstractTestNGCucumberTests.java:35)
	at java.base/jdk.internal.reflect.DirectMethodHandleAccessor.invoke(DirectMethodHandleAccessor.java:103)
	at java.base/java.lang.reflect.Method.invoke(Method.java:580)
	at org.testng.internal.invokers.MethodInvocationHelper.invokeMethod(MethodInvocationHelper.java:141)
	at org.testng.internal.invokers.TestInvoker.invokeMethod(TestInvoker.java:686)
	at org.testng.internal.invokers.TestInvoker.invokeTestMethod(TestInvoker.java:230)
	at org.testng.internal.invokers.MethodRunner.runInSequence(MethodRunner.java:63)
	at org.testng.internal.invokers.TestInvoker$MethodInvocationAgent.invoke(TestInvoker.java:992)
	at org.testng.internal.invokers.TestInvoker.invokeTestMethods(TestInvoker.java:203)
	at org.testng.internal.invokers.TestMethodWorker.invokeTestMethods(TestMethodWorker.java:154)
	at org.testng.internal.invokers.TestMethodWorker.run(TestMethodWorker.java:134)
	at java.base/java.util.ArrayList.forEach(ArrayList.java:1596)
	at org.testng.TestRunner.privateRun(TestRunner.java:739)
	at org.testng.TestRunner.run(TestRunner.java:614)
	at org.testng.SuiteRunner.runTest(SuiteRunner.java:421)
	at org.testng.SuiteRunner.runSequentially(SuiteRunner.java:413)
	at org.testng.SuiteRunner.privateRun(SuiteRunner.java:373)
	at org.testng.SuiteRunner.run(SuiteRunner.java:312)
	at org.testng.SuiteRunnerWorker.runSuite(SuiteRunnerWorker.java:52)
	at org.testng.SuiteRunnerWorker.run(SuiteRunnerWorker.java:95)
	at org.testng.TestNG.runSuitesSequentially(TestNG.java:1274)
	at org.testng.TestNG.runSuitesLocally(TestNG.java:1208)
	at org.testng.TestNG.runSuites(TestNG.java:1112)
	at org.testng.TestNG.run(TestNG.java:1079)
	at org.apache.maven.surefire.testng.TestNGExecutor.run(TestNGExecutor.java:295)
	at org.apache.maven.surefire.testng.TestNGXmlTestSuite.execute(TestNGXmlTestSuite.java:84)
	at org.apache.maven.surefire.testng.TestNGProvider.invoke(TestNGProvider.java:90)
	at org.apache.maven.surefire.booter.ForkedBooter.invokeProviderInSameClassLoader(ForkedBooter.java:203)
	at org.apache.maven.surefire.booter.ForkedBooter.runSuitesInProcess(ForkedBooter.java:155)
	at org.apache.maven.surefire.booter.ForkedBooter.main(ForkedBooter.java:103)
</textarea>
      
      </div>
              </div>
              <div class="step skip-bg" title="stepdefs.CartStepDefs.clickOnDeleteButton()">
                <span>And click on delete Button</span>
      <div>Step skipped
      </div>
              </div>
              <div class="step skip-bg" title="stepdefs.CartStepDefs.isProductDeletedFromCart()">
                <span>Then the product disappeared from cart</span>
      <div>Step skipped
      </div>
              </div>
              <div class="step pass-bg" title="AFTER">
                <span>utils.hooks.Hooks.tearDown(io.cucumber.java.Scenario)</span>
      <div>image
          <div class="row mb-3"><div class="col-md-3">
<img data-featherlight='../screenshots/embedded2.png' src="../screenshots/embedded2.png">
    
    </div></div>
</div>
      <div>
      </div>
              </div>
          </div>
        </div>
  </div>
</div>
          </div>
        </li>
      </ul>
    </div>
  </div>
<div class="test-content scrollable">
<div class="test-content-tools">
<ul><li><a class="back-to-test" href="#"><i class="fa fa-arrow-left"></i></a></li></ul>
</div>
<div class="test-content-detail"><div class="detail-body"></div></div>
</div></div>
<div class="test-wrapper row view exception-view attributes-view">
<div class="test-list">
<div class="test-list-tools">
<ul class="tools pull-left"><li><a href=""><span class="font-size-14">Exception</span></a></li></ul>
<ul class="tools text-right"><li><a href="#"><span class="badge badge-primary">1</span></a></li></ul>
</div>
<div class="test-list-wrapper scrollable">
<ul class="test-list-item">
<li class="test-item">
<div class="test-detail">
<span class="meta">
<span class='badge log badge-danger'>2</span>
</span>
<p class="name">Element</p>
<p class="duration text-sm">2 tests</p>
</div>
<div class="test-contents d-none">
<div class="info">
<h4>Element</h4>
<span status="fail" class='badge log badge-danger'>2 failed</span>
</div>
<table class='table table-sm mt-4'>
<thead>
<tr>
<th class="status-col">Status</th>
<th class="timestamp-col">Timestamp</th>
<th>TestName</th>
</tr>
</thead>
<tbody>
<tr class="tag-test-status" status="fail">
<td><span class="badge log fail-bg">Fail</span></td>
<td>19:49:15 pm</td>
<td>
<a href="#" class="linked" test-id='45' id='53'>When click on Place order button</a>
<div class="">
<span class="badge badge-default">Place an order.The product Samsung Galaxy s6 is added in the cart and the order is successfully placed.When click on Place order button</span>
</div>
</td>
</tr>
<tr class="tag-test-status" status="fail">
<td><span class="badge log fail-bg">Fail</span></td>
<td>19:49:55 pm</td>
<td>
<a href="#" class="linked" test-id='77' id='84'>And phone should be in the cart</a>
<div class="">
<span class="badge badge-default">Delete a product from basket.The product Samsung Galaxy s6 is deleted from basket.And phone should be in the cart</span>
</div>
</td>
</tr>
</tbody>
</table>
</div>
</li>
</ul>
</div>
</div>
<div class="test-content scrollable">
<div class="test-content-detail">
<div class="detail-body"></div>
</div>
</div>
</div><div class="test-wrapper row view category-view attributes-view">
<div class="test-list">
<div class="test-list-tools">
<ul class="tools pull-left"><li><a href=""><span class="font-size-14">Category</span></a></li></ul>
<ul class="tools text-right"><li><a href="#"><span class="badge badge-primary">1</span></a></li></ul>
</div>
<div class="test-list-wrapper scrollable">
<ul class="test-list-item">
<li class="test-item">
<div class="test-detail">
<span class="meta">
<span class='badge log pass-bg'>5</span>
<span class='badge log badge-danger'>2</span>
</span>
<p class="name">@regressionPack</p>
<p class="duration text-sm">7 tests</p>
</div>
<div class="test-contents d-none">
<div class="info">
<h4>@regressionPack</h4>
<span status="pass" class='badge log pass-bg'>5 passed</span>
<span status="fail" class='badge log badge-danger'>2 failed</span>
</div>
<table class='table table-sm mt-4'>
<thead>
<tr>
<th class="status-col">Status</th>
<th class="timestamp-col">Timestamp</th>
<th>TestName</th>
</tr>
</thead>
<tbody>
<tr class="tag-test-status" status="pass">
<td><span class="badge log pass-bg">Pass</span></td>
<td>19:47:52 pm</td>
<td>
<a href="#" class="linked" test-id='1' id='2'>The customer successfully complete Contact form</a>
<div class="">
<span class="badge badge-default">Contact us form.The customer successfully complete Contact form</span>
</div>
</td>
</tr>
<tr class="tag-test-status" status="pass">
<td><span class="badge log pass-bg">Pass</span></td>
<td>19:48:13 pm</td>
<td>
<a href="#" class="linked" test-id='13' id='14'>The product is correctly displayed in the right category</a>
<div class="">
<span class="badge badge-default">Filter products by Category.The product is correctly displayed in the right category</span>
</div>
</td>
</tr>
<tr class="tag-test-status" status="pass">
<td><span class="badge log pass-bg">Pass</span></td>
<td>19:48:29 pm</td>
<td>
<a href="#" class="linked" test-id='21' id='22'>The customer is successfully log in</a>
<div class="">
<span class="badge badge-default">Log in feature.The customer is successfully log in</span>
</div>
</td>
</tr>
<tr class="tag-test-status" status="pass">
<td><span class="badge log pass-bg">Pass</span></td>
<td>19:48:45 pm</td>
<td>
<a href="#" class="linked" test-id='32' id='33'>The customer is log out successfully</a>
<div class="">
<span class="badge badge-default">Log out process.The customer is log out successfully</span>
</div>
</td>
</tr>
<tr class="tag-test-status" status="fail">
<td><span class="badge log fail-bg">Fail</span></td>
<td>19:49:03 pm</td>
<td>
<a href="#" class="linked" test-id='45' id='46'>The product Samsung Galaxy s6 is added in the cart and the order is successfully placed</a>
<div class="">
<span class="badge badge-default">Place an order.The product Samsung Galaxy s6 is added in the cart and the order is successfully placed</span>
</div>
</td>
</tr>
<tr class="tag-test-status" status="pass">
<td><span class="badge log pass-bg">Pass</span></td>
<td>19:49:28 pm</td>
<td>
<a href="#" class="linked" test-id='64' id='65'>The customer is sign up successfully</a>
<div class="">
<span class="badge badge-default">Sing up process.The customer is sign up successfully</span>
</div>
</td>
</tr>
<tr class="tag-test-status" status="fail">
<td><span class="badge log fail-bg">Fail</span></td>
<td>19:49:45 pm</td>
<td>
<a href="#" class="linked" test-id='77' id='78'>The product Samsung Galaxy s6 is deleted from basket</a>
<div class="">
<span class="badge badge-default">Delete a product from basket.The product Samsung Galaxy s6 is deleted from basket</span>
</div>
</td>
</tr>
</tbody>
</table>
</div>
</li>
</ul>
</div>
</div>
<div class="test-content scrollable">
<div class="test-content-detail">
<div class="detail-body"></div>
</div>
</div>
</div><div class="container-fluid p-4 view dashboard-view">
<div class="row">
<div class="col-md-3">
<div class="card"><div class="card-body">
<p class="m-b-0">Started</p>
<h3>Aug 7, 2024 07:47:50 pm</h3>
</div></div>
</div>
<div class="col-md-3">
<div class="card"><div class="card-body">
<p class="m-b-0">Ended</p>
<h3>Aug 7, 2024 07:50:08 pm</h3>
</div></div>
</div>
<div class="col-md-3">
<div class="card"><div class="card-body">
<p class="m-b-0 text-pass">Features Passed</p>
<h3>5</h3>
</div></div>
</div>
<div class="col-md-3">
<div class="card"><div class="card-body">
<p class="m-b-0 text-fail">Features Failed</p>
<h3>2</h3>
</div></div>
</div>
</div>
<div class="row">
<div class="col-md-4">
<div class="card">
<div class="card-header">
<h6 class="card-title">Features</h6>
</div>
<div class="card-body">
<div class="">
<canvas id='parent-analysis' width='115' height='90'></canvas>
</div>
</div>
<div class="card-footer">
<div><small data-tooltip='71%'>
<b>5</b> features passed
</small>
</div>
<div>
<small data-tooltip='28%'><b>2</b> features failed,
<b>0</b> skipped, <b data-tooltip='0%'>0</b> others
</small>
</div>
</div>
</div>
</div>
<div class="col-md-4">
<div class="card">
<div class="card-header">
<h6 class="card-title">Scenarios</h6>
</div>
<div class="card-body">
<div class="">
<canvas id='child-analysis' width='115' height='90'></canvas>
</div>
</div>
<div class="card-footer">
<div><small data-tooltip='71%'><b>5</b> scenarios passed</small></div>
<div>
<small data-tooltip='28%'><b>2</b> scenarios failed,
<b>0</b> skipped, <b data-tooltip='%'>0</b> others
</small>
</div>
</div>
</div>
</div>
<div class="col-md-4">
<div class="card">
<div class="card-header">
<h6 class="card-title">Steps</h6>
</div>
<div class="card-body">
<div class="">
<canvas id='grandchild-analysis' width='115' height='90'></canvas>
</div>
</div>
<div class="card-footer">
<div><small data-tooltip='78%'><b>48</b> steps passed</small></div>
<div>
<small data-tooltip='3%'><b>2</b> steps failed,
<b>11</b> skipped, <b data-tooltip='%'>0</b> others
</small>
</div>
</div>
</div>
</div>
</div>
<div class="row"><div class="col-md-12">
<div class="card"><div class="card-header"><p>Timeline</p></div>
<div class="card-body pt-0"><div>
<canvas id="timeline" height="120"></canvas>
</div></div>
</div>
</div></div>
<script>
var timeline = {
"Contact us form":21.387,"Filter products by Category":15.724,"Log in feature":16.391,"Log out process":18.286,"Place an order":24.736,"Sing up process":16.522,"Delete a product from basket":22.402
};
</script>
<div class="row">
<div class="col-lg-6 col-md-12 category-container">
<div class="card">
<div class="card-header"><p>Tags</p></div>
<div class="card-body pb-0 pt-0"><table class="table table-sm table-bordered">
<thead><tr class="bg-gray"><th>Name</th><th>Passed</th><th>Failed</th><th>Skipped</th><th>Others</th><th>Passed %</th></tr></thead><tbody>
<tr>
<td>@regressionPack</td>
<td>5</td>
<td>2</td>
<td>0</td>
<td>0</td>
<td>71.429%</td>
</tr>
</tbody>
</table></div>
</div>
</div>
</div>
</div>
<script>
var statusGroup = {
parentCount: 5,
passParent: 5,
failParent: 2,
warningParent: 0,
skipParent: 0,
childCount: 5,
passChild: 5,
failChild: 2,
warningChild: 0,
skipChild: 0,
infoChild: 0,
grandChildCount: 5,
passGrandChild: 48,
failGrandChild: 2,
warningGrandChild: 0,
skipGrandChild: 11,
infoGrandChild: 0,
eventsCount: 5,
};
</script>        </div>
      </div>
    </div>
  </div>
<script src="https://cdn.jsdelivr.net/gh/extent-framework/extent-github-cdn@ce8b10435bcbae260c334c0d0c6b61d2c19b6168/spark/js/spark-script.js"></script>
<script type="text/javascript"></script></body>
</html>